e:\personalwork\townyfrowny\townyfrowny\townyfrowny\debug\vc141.pdb
e:\personalwork\townyfrowny\townyfrowny\townyfrowny\debug\vc141.idb
e:\personalwork\townyfrowny\townyfrowny\townyfrowny\debug\worldtile.obj
e:\personalwork\townyfrowny\townyfrowny\townyfrowny\debug\world.obj
e:\personalwork\townyfrowny\townyfrowny\townyfrowny\debug\main.obj
e:\personalwork\townyfrowny\townyfrowny\townyfrowny\debug\entity.obj
e:\personalwork\townyfrowny\townyfrowny\townyfrowny\debug\screen.obj
e:\personalwork\townyfrowny\townyfrowny\townyfrowny\debug\groundtile.obj
e:\personalwork\townyfrowny\townyfrowny\townyfrowny\debug\fastnoise.obj
e:\personalwork\townyfrowny\townyfrowny\townyfrowny\debug\camera.obj
e:\personalwork\townyfrowny\townyfrowny\townyfrowny\debug\entity_living.obj
e:\personalwork\townyfrowny\townyfrowny\townyfrowny\debug\entity_food.obj
e:\personalwork\townyfrowny\townyfrowny\townyfrowny\debug\taskcpp.obj
e:\personalwork\townyfrowny\townyfrowny\townyfrowny\debug\task.obj
e:\personalwork\townyfrowny\townyfrowny\townyfrowny\debug\entity_cow.obj
e:\personalwork\townyfrowny\townyfrowny\townyfrowny\debug\entity_human.obj
e:\personalwork\townyfrowny\townyfrowny\townyfrowny\debug\entity_animal.obj
e:\personalwork\townyfrowny\townyfrowny\townyfrowny\debug\entity_plant.obj
e:\personalwork\townyfrowny\townyfrowny\debug\townyfrowny.exe
e:\personalwork\townyfrowny\townyfrowny\debug\townyfrowny.ilk
e:\personalwork\townyfrowny\townyfrowny\debug\townyfrowny.pdb
e:\personalwork\townyfrowny\townyfrowny\townyfrowny\debug\tilemanager.obj
e:\personalwork\townyfrowny\townyfrowny\townyfrowny\debug\entity_animal.obj.enc
e:\personalwork\townyfrowny\townyfrowny\townyfrowny\debug\townyfrowny.tlog\cl.command.1.tlog
e:\personalwork\townyfrowny\townyfrowny\townyfrowny\debug\townyfrowny.tlog\cl.read.1.tlog
e:\personalwork\townyfrowny\townyfrowny\townyfrowny\debug\townyfrowny.tlog\cl.write.1.tlog
e:\personalwork\townyfrowny\townyfrowny\townyfrowny\debug\townyfrowny.tlog\link.command.1.tlog
e:\personalwork\townyfrowny\townyfrowny\townyfrowny\debug\townyfrowny.tlog\link.read.1.tlog
e:\personalwork\townyfrowny\townyfrowny\townyfrowny\debug\townyfrowny.tlog\link.write.1.tlog
